<?xml version="1.0" encoding="UTF-8"?>
<testsuite name="com.example.demo.data.VoitureTest" tests="1" skipped="0" failures="0" errors="0" timestamp="2023-05-08T16:10:58" hostname="MacBook-Pro-de-Benoit.local" time="0.002">
  <properties/>
  <testcase name="creerVoiture()" classname="com.example.demo.data.VoitureTest" time="0.002"/>
  <system-out><![CDATA[2023-05-08 18:10:57.845  INFO 2738 --- [    Test worker] .b.t.c.SpringBootTestContextBootstrapper : Neither @ContextConfiguration nor @ContextHierarchy found for test class [com.example.demo.data.VoitureTest], using SpringBootContextLoader
2023-05-08 18:10:57.846  INFO 2738 --- [    Test worker] o.s.t.c.support.AbstractContextLoader    : Could not detect default resource locations for test class [com.example.demo.data.VoitureTest]: no resource found for suffixes {-context.xml, Context.groovy}.
2023-05-08 18:10:57.846  INFO 2738 --- [    Test worker] t.c.s.AnnotationConfigContextLoaderUtils : Could not detect default configuration classes for test class [com.example.demo.data.VoitureTest]: VoitureTest does not declare any static, non-private, non-final, nested classes annotated with @Configuration.
2023-05-08 18:10:57.847  INFO 2738 --- [    Test worker] .b.t.c.SpringBootTestContextBootstrapper : Found @SpringBootConfiguration com.example.demo.DemoApplication for test class com.example.demo.data.VoitureTest
2023-05-08 18:10:57.847  INFO 2738 --- [    Test worker] .b.t.c.SpringBootTestContextBootstrapper : Loaded default TestExecutionListener class names from location [META-INF/spring.factories]: [org.springframework.boot.test.autoconfigure.restdocs.RestDocsTestExecutionListener, org.springframework.boot.test.autoconfigure.web.client.MockRestServiceServerResetTestExecutionListener, org.springframework.boot.test.autoconfigure.web.servlet.MockMvcPrintOnlyOnFailureTestExecutionListener, org.springframework.boot.test.autoconfigure.web.servlet.WebDriverTestExecutionListener, org.springframework.boot.test.autoconfigure.webservices.client.MockWebServiceServerTestExecutionListener, org.springframework.boot.test.mock.mockito.MockitoTestExecutionListener, org.springframework.boot.test.mock.mockito.ResetMocksTestExecutionListener, org.springframework.test.context.web.ServletTestExecutionListener, org.springframework.test.context.support.DirtiesContextBeforeModesTestExecutionListener, org.springframework.test.context.event.ApplicationEventsTestExecutionListener, org.springframework.test.context.support.DependencyInjectionTestExecutionListener, org.springframework.test.context.support.DirtiesContextTestExecutionListener, org.springframework.test.context.transaction.TransactionalTestExecutionListener, org.springframework.test.context.jdbc.SqlScriptsTestExecutionListener, org.springframework.test.context.event.EventPublishingTestExecutionListener]
2023-05-08 18:10:57.848  INFO 2738 --- [    Test worker] .b.t.c.SpringBootTestContextBootstrapper : Using TestExecutionListeners: [org.springframework.test.context.web.ServletTestExecutionListener@4f3b11e6, org.springframework.test.context.support.DirtiesContextBeforeModesTestExecutionListener@28da5c4d, org.springframework.test.context.event.ApplicationEventsTestExecutionListener@7c928399, org.springframework.boot.test.mock.mockito.MockitoTestExecutionListener@1bcca516, org.springframework.boot.test.autoconfigure.SpringBootDependencyInjectionTestExecutionListener@cef23a8, org.springframework.test.context.support.DirtiesContextTestExecutionListener@762d2e4c, org.springframework.test.context.transaction.TransactionalTestExecutionListener@1e4bf55b, org.springframework.test.context.jdbc.SqlScriptsTestExecutionListener@60510791, org.springframework.test.context.event.EventPublishingTestExecutionListener@15d68a50, org.springframework.boot.test.autoconfigure.restdocs.RestDocsTestExecutionListener@a1689e8, org.springframework.boot.test.autoconfigure.web.client.MockRestServiceServerResetTestExecutionListener@4bb644dc, org.springframework.boot.test.autoconfigure.web.servlet.MockMvcPrintOnlyOnFailureTestExecutionListener@23b3afb4, org.springframework.boot.test.autoconfigure.web.servlet.WebDriverTestExecutionListener@2162598, org.springframework.boot.test.autoconfigure.webservices.client.MockWebServiceServerTestExecutionListener@3cf1b5fb, org.springframework.boot.test.mock.mockito.ResetMocksTestExecutionListener@4598961d]

  .   ____          _            __ _ _
 /\\ / ___'_ __ _ _(_)_ __  __ _ \ \ \ \
( ( )\___ | '_ | '_| | '_ \/ _` | \ \ \ \
 \\/  ___)| |_)| | | | | || (_| |  ) ) ) )
  '  |____| .__|_| |_|_| |_\__, | / / / /
 =========|_|==============|___/=/_/_/_/
 :: Spring Boot ::                (v2.7.5)

2023-05-08 18:10:57.862  INFO 2738 --- [    Test worker] com.example.demo.data.VoitureTest        : Starting VoitureTest using Java 17.0.5 on MacBook-Pro-de-Benoit.local with PID 2738 (started by benoitcharroux in /Users/benoitcharroux/Desktop/essai1)
2023-05-08 18:10:57.862  INFO 2738 --- [    Test worker] com.example.demo.data.VoitureTest        : No active profile set, falling back to 1 default profile: "default"
2023-05-08 18:10:57.951  INFO 2738 --- [    Test worker] .s.d.r.c.RepositoryConfigurationDelegate : Bootstrapping Spring Data JPA repositories in DEFAULT mode.
2023-05-08 18:10:57.957  INFO 2738 --- [    Test worker] .s.d.r.c.RepositoryConfigurationDelegate : Finished Spring Data repository scanning in 5 ms. Found 1 JPA repository interfaces.
2023-05-08 18:10:58.023  INFO 2738 --- [    Test worker] com.zaxxer.hikari.HikariDataSource       : HikariPool-3 - Starting...
2023-05-08 18:10:58.024  INFO 2738 --- [    Test worker] com.zaxxer.hikari.HikariDataSource       : HikariPool-3 - Start completed.
2023-05-08 18:10:58.032  INFO 2738 --- [    Test worker] o.hibernate.jpa.internal.util.LogHelper  : HHH000204: Processing PersistenceUnitInfo [name: default]
2023-05-08 18:10:58.035  INFO 2738 --- [    Test worker] org.hibernate.dialect.Dialect            : HHH000400: Using dialect: org.hibernate.dialect.H2Dialect
2023-05-08 18:10:58.050  INFO 2738 --- [    Test worker] o.h.e.t.j.p.i.JtaPlatformInitiator       : HHH000490: Using JtaPlatform implementation: [org.hibernate.engine.transaction.jta.platform.internal.NoJtaPlatform]
2023-05-08 18:10:58.051  INFO 2738 --- [    Test worker] j.LocalContainerEntityManagerFactoryBean : Initialized JPA EntityManagerFactory for persistence unit 'default'
2023-05-08 18:10:58.134  WARN 2738 --- [    Test worker] JpaBaseConfiguration$JpaWebConfiguration : spring.jpa.open-in-view is enabled by default. Therefore, database queries may be performed during view rendering. Explicitly configure spring.jpa.open-in-view to disable this warning
2023-05-08 18:10:58.302  INFO 2738 --- [    Test worker] com.example.demo.data.VoitureTest        : Started VoitureTest in 0.453 seconds (JVM running for 9.739)
]]></system-out>
  <system-err><![CDATA[]]></system-err>
</testsuite>
