<?xml version="1.0" encoding="UTF-8"?>
<testsuite name="com.example.demo.data.VoitureTest" tests="1" skipped="0" failures="0" errors="0" timestamp="2023-05-16T08:48:10" hostname="MBP-de-Benoit" time="0.003">
  <properties/>
  <testcase name="creerVoiture()" classname="com.example.demo.data.VoitureTest" time="0.003"/>
  <system-out><![CDATA[2023-05-16 10:48:09.985  INFO 1845 --- [    Test worker] .b.t.c.SpringBootTestContextBootstrapper : Neither @ContextConfiguration nor @ContextHierarchy found for test class [com.example.demo.data.VoitureTest], using SpringBootContextLoader
2023-05-16 10:48:09.986  INFO 1845 --- [    Test worker] o.s.t.c.support.AbstractContextLoader    : Could not detect default resource locations for test class [com.example.demo.data.VoitureTest]: no resource found for suffixes {-context.xml, Context.groovy}.
2023-05-16 10:48:09.986  INFO 1845 --- [    Test worker] t.c.s.AnnotationConfigContextLoaderUtils : Could not detect default configuration classes for test class [com.example.demo.data.VoitureTest]: VoitureTest does not declare any static, non-private, non-final, nested classes annotated with @Configuration.
2023-05-16 10:48:09.987  INFO 1845 --- [    Test worker] .b.t.c.SpringBootTestContextBootstrapper : Found @SpringBootConfiguration com.example.demo.DemoApplication for test class com.example.demo.data.VoitureTest
2023-05-16 10:48:09.989  INFO 1845 --- [    Test worker] .b.t.c.SpringBootTestContextBootstrapper : Loaded default TestExecutionListener class names from location [META-INF/spring.factories]: [org.springframework.boot.test.autoconfigure.restdocs.RestDocsTestExecutionListener, org.springframework.boot.test.autoconfigure.web.client.MockRestServiceServerResetTestExecutionListener, org.springframework.boot.test.autoconfigure.web.servlet.MockMvcPrintOnlyOnFailureTestExecutionListener, org.springframework.boot.test.autoconfigure.web.servlet.WebDriverTestExecutionListener, org.springframework.boot.test.autoconfigure.webservices.client.MockWebServiceServerTestExecutionListener, org.springframework.boot.test.mock.mockito.MockitoTestExecutionListener, org.springframework.boot.test.mock.mockito.ResetMocksTestExecutionListener, org.springframework.test.context.web.ServletTestExecutionListener, org.springframework.test.context.support.DirtiesContextBeforeModesTestExecutionListener, org.springframework.test.context.event.ApplicationEventsTestExecutionListener, org.springframework.test.context.support.DependencyInjectionTestExecutionListener, org.springframework.test.context.support.DirtiesContextTestExecutionListener, org.springframework.test.context.transaction.TransactionalTestExecutionListener, org.springframework.test.context.jdbc.SqlScriptsTestExecutionListener, org.springframework.test.context.event.EventPublishingTestExecutionListener]
2023-05-16 10:48:09.989  INFO 1845 --- [    Test worker] .b.t.c.SpringBootTestContextBootstrapper : Using TestExecutionListeners: [org.springframework.test.context.web.ServletTestExecutionListener@483ed60e, org.springframework.test.context.support.DirtiesContextBeforeModesTestExecutionListener@9c5d76b, org.springframework.test.context.event.ApplicationEventsTestExecutionListener@7a14ab66, org.springframework.boot.test.mock.mockito.MockitoTestExecutionListener@54780c40, org.springframework.boot.test.autoconfigure.SpringBootDependencyInjectionTestExecutionListener@6ac83e67, org.springframework.test.context.support.DirtiesContextTestExecutionListener@4d91d2da, org.springframework.test.context.transaction.TransactionalTestExecutionListener@12811f95, org.springframework.test.context.jdbc.SqlScriptsTestExecutionListener@68f1b89, org.springframework.test.context.event.EventPublishingTestExecutionListener@2d1f3639, org.springframework.boot.test.autoconfigure.restdocs.RestDocsTestExecutionListener@6e5b3642, org.springframework.boot.test.autoconfigure.web.client.MockRestServiceServerResetTestExecutionListener@74bcf1ab, org.springframework.boot.test.autoconfigure.web.servlet.MockMvcPrintOnlyOnFailureTestExecutionListener@a11efe6, org.springframework.boot.test.autoconfigure.web.servlet.WebDriverTestExecutionListener@5e6bbe63, org.springframework.boot.test.autoconfigure.webservices.client.MockWebServiceServerTestExecutionListener@69356aca, org.springframework.boot.test.mock.mockito.ResetMocksTestExecutionListener@7a17ffee]

  .   ____          _            __ _ _
 /\\ / ___'_ __ _ _(_)_ __  __ _ \ \ \ \
( ( )\___ | '_ | '_| | '_ \/ _` | \ \ \ \
 \\/  ___)| |_)| | | | | || (_| |  ) ) ) )
  '  |____| .__|_| |_|_| |_\__, | / / / /
 =========|_|==============|___/=/_/_/_/
 :: Spring Boot ::                (v2.7.5)

2023-05-16 10:48:10.009  INFO 1845 --- [    Test worker] com.example.demo.data.VoitureTest        : Starting VoitureTest using Java 17.0.5 on MBP-de-Benoit with PID 1845 (started by benoitcharroux in /Users/benoitcharroux/Desktop/essai1)
2023-05-16 10:48:10.009  INFO 1845 --- [    Test worker] com.example.demo.data.VoitureTest        : No active profile set, falling back to 1 default profile: "default"
2023-05-16 10:48:10.131  INFO 1845 --- [    Test worker] .s.d.r.c.RepositoryConfigurationDelegate : Bootstrapping Spring Data JPA repositories in DEFAULT mode.
2023-05-16 10:48:10.140  INFO 1845 --- [    Test worker] .s.d.r.c.RepositoryConfigurationDelegate : Finished Spring Data repository scanning in 8 ms. Found 1 JPA repository interfaces.
2023-05-16 10:48:10.242  INFO 1845 --- [    Test worker] com.zaxxer.hikari.HikariDataSource       : HikariPool-2 - Starting...
2023-05-16 10:48:10.243  INFO 1845 --- [    Test worker] com.zaxxer.hikari.HikariDataSource       : HikariPool-2 - Start completed.
2023-05-16 10:48:10.252  INFO 1845 --- [    Test worker] o.hibernate.jpa.internal.util.LogHelper  : HHH000204: Processing PersistenceUnitInfo [name: default]
2023-05-16 10:48:10.256  INFO 1845 --- [    Test worker] org.hibernate.dialect.Dialect            : HHH000400: Using dialect: org.hibernate.dialect.H2Dialect
2023-05-16 10:48:10.274  INFO 1845 --- [    Test worker] o.h.e.t.j.p.i.JtaPlatformInitiator       : HHH000490: Using JtaPlatform implementation: [org.hibernate.engine.transaction.jta.platform.internal.NoJtaPlatform]
2023-05-16 10:48:10.274  INFO 1845 --- [    Test worker] j.LocalContainerEntityManagerFactoryBean : Initialized JPA EntityManagerFactory for persistence unit 'default'
2023-05-16 10:48:10.530  WARN 1845 --- [    Test worker] JpaBaseConfiguration$JpaWebConfiguration : spring.jpa.open-in-view is enabled by default. Therefore, database queries may be performed during view rendering. Explicitly configure spring.jpa.open-in-view to disable this warning
2023-05-16 10:48:10.743  INFO 1845 --- [    Test worker] com.example.demo.data.VoitureTest        : Started VoitureTest in 0.752 seconds (JVM running for 4.524)
]]></system-out>
  <system-err><![CDATA[]]></system-err>
</testsuite>
