<?xml version="1.0" encoding="UTF-8"?>
<testsuite name="com.example.demo.data.BaseDeDonneesTests" tests="3" skipped="0" failures="0" errors="0" timestamp="2025-04-04T15:15:25" hostname="MacBook-Pro-de-Benoit.local" time="0.02">
  <properties/>
  <testcase name="uneVoiture()" classname="com.example.demo.data.BaseDeDonneesTests" time="0.01"/>
  <testcase name="uneSeuleVoiture()" classname="com.example.demo.data.BaseDeDonneesTests" time="0.002"/>
  <testcase name="supprimerVoiture()" classname="com.example.demo.data.BaseDeDonneesTests" time="0.006"/>
  <system-out><![CDATA[2025-04-04 17:15:24.850  INFO 2467 --- [    Test worker] .b.t.c.SpringBootTestContextBootstrapper : Neither @ContextConfiguration nor @ContextHierarchy found for test class [com.example.demo.data.BaseDeDonneesTests], using SpringBootContextLoader
2025-04-04 17:15:24.851  INFO 2467 --- [    Test worker] o.s.t.c.support.AbstractContextLoader    : Could not detect default resource locations for test class [com.example.demo.data.BaseDeDonneesTests]: no resource found for suffixes {-context.xml, Context.groovy}.
2025-04-04 17:15:24.851  INFO 2467 --- [    Test worker] t.c.s.AnnotationConfigContextLoaderUtils : Could not detect default configuration classes for test class [com.example.demo.data.BaseDeDonneesTests]: BaseDeDonneesTests does not declare any static, non-private, non-final, nested classes annotated with @Configuration.
2025-04-04 17:15:24.853  INFO 2467 --- [    Test worker] .b.t.c.SpringBootTestContextBootstrapper : Found @SpringBootConfiguration com.example.demo.DemoApplication for test class com.example.demo.data.BaseDeDonneesTests
2025-04-04 17:15:24.854  INFO 2467 --- [    Test worker] .b.t.c.SpringBootTestContextBootstrapper : Loaded default TestExecutionListener class names from location [META-INF/spring.factories]: [org.springframework.boot.test.autoconfigure.restdocs.RestDocsTestExecutionListener, org.springframework.boot.test.autoconfigure.web.client.MockRestServiceServerResetTestExecutionListener, org.springframework.boot.test.autoconfigure.web.servlet.MockMvcPrintOnlyOnFailureTestExecutionListener, org.springframework.boot.test.autoconfigure.web.servlet.WebDriverTestExecutionListener, org.springframework.boot.test.autoconfigure.webservices.client.MockWebServiceServerTestExecutionListener, org.springframework.boot.test.mock.mockito.MockitoTestExecutionListener, org.springframework.boot.test.mock.mockito.ResetMocksTestExecutionListener, org.springframework.test.context.web.ServletTestExecutionListener, org.springframework.test.context.support.DirtiesContextBeforeModesTestExecutionListener, org.springframework.test.context.event.ApplicationEventsTestExecutionListener, org.springframework.test.context.support.DependencyInjectionTestExecutionListener, org.springframework.test.context.support.DirtiesContextTestExecutionListener, org.springframework.test.context.transaction.TransactionalTestExecutionListener, org.springframework.test.context.jdbc.SqlScriptsTestExecutionListener, org.springframework.test.context.event.EventPublishingTestExecutionListener]
2025-04-04 17:15:24.855  INFO 2467 --- [    Test worker] .b.t.c.SpringBootTestContextBootstrapper : Using TestExecutionListeners: [org.springframework.test.context.web.ServletTestExecutionListener@4d6027be, org.springframework.test.context.support.DirtiesContextBeforeModesTestExecutionListener@475eb4fd, org.springframework.test.context.event.ApplicationEventsTestExecutionListener@951e911, org.springframework.boot.test.mock.mockito.MockitoTestExecutionListener@3cb376a3, org.springframework.boot.test.autoconfigure.SpringBootDependencyInjectionTestExecutionListener@7022fb5c, org.springframework.test.context.support.DirtiesContextTestExecutionListener@426940f9, org.springframework.test.context.transaction.TransactionalTestExecutionListener@447630c4, org.springframework.test.context.jdbc.SqlScriptsTestExecutionListener@63d75087, org.springframework.test.context.event.EventPublishingTestExecutionListener@4c8afba, org.springframework.boot.test.autoconfigure.restdocs.RestDocsTestExecutionListener@cae4952, org.springframework.boot.test.autoconfigure.web.client.MockRestServiceServerResetTestExecutionListener@79aba813, org.springframework.boot.test.autoconfigure.web.servlet.MockMvcPrintOnlyOnFailureTestExecutionListener@20a18cc9, org.springframework.boot.test.autoconfigure.web.servlet.WebDriverTestExecutionListener@61555218, org.springframework.boot.test.autoconfigure.webservices.client.MockWebServiceServerTestExecutionListener@1fcf73b9, org.springframework.boot.test.mock.mockito.ResetMocksTestExecutionListener@3b80bb63]

  .   ____          _            __ _ _
 /\\ / ___'_ __ _ _(_)_ __  __ _ \ \ \ \
( ( )\___ | '_ | '_| | '_ \/ _` | \ \ \ \
 \\/  ___)| |_)| | | | | || (_| |  ) ) ) )
  '  |____| .__|_| |_|_| |_\__, | / / / /
 =========|_|==============|___/=/_/_/_/
 :: Spring Boot ::                (v2.7.5)

2025-04-04 17:15:24.869  INFO 2467 --- [    Test worker] c.example.demo.data.BaseDeDonneesTests   : Starting BaseDeDonneesTests using Java 17.0.5 on MacBook-Pro-de-Benoit.local with PID 2467 (started by benoitcharroux in /Users/benoitcharroux/Desktop/essai1)
2025-04-04 17:15:24.870  INFO 2467 --- [    Test worker] c.example.demo.data.BaseDeDonneesTests   : No active profile set, falling back to 1 default profile: "default"
2025-04-04 17:15:24.958  INFO 2467 --- [    Test worker] .s.d.r.c.RepositoryConfigurationDelegate : Bootstrapping Spring Data JPA repositories in DEFAULT mode.
2025-04-04 17:15:24.965  INFO 2467 --- [    Test worker] .s.d.r.c.RepositoryConfigurationDelegate : Finished Spring Data repository scanning in 7 ms. Found 1 JPA repository interfaces.
2025-04-04 17:15:25.075  INFO 2467 --- [    Test worker] com.zaxxer.hikari.HikariDataSource       : HikariPool-2 - Starting...
2025-04-04 17:15:25.076  INFO 2467 --- [    Test worker] com.zaxxer.hikari.HikariDataSource       : HikariPool-2 - Start completed.
2025-04-04 17:15:25.083  INFO 2467 --- [    Test worker] o.hibernate.jpa.internal.util.LogHelper  : HHH000204: Processing PersistenceUnitInfo [name: default]
2025-04-04 17:15:25.086  INFO 2467 --- [    Test worker] org.hibernate.dialect.Dialect            : HHH000400: Using dialect: org.hibernate.dialect.H2Dialect
2025-04-04 17:15:25.101  INFO 2467 --- [    Test worker] o.h.e.t.j.p.i.JtaPlatformInitiator       : HHH000490: Using JtaPlatform implementation: [org.hibernate.engine.transaction.jta.platform.internal.NoJtaPlatform]
2025-04-04 17:15:25.102  INFO 2467 --- [    Test worker] j.LocalContainerEntityManagerFactoryBean : Initialized JPA EntityManagerFactory for persistence unit 'default'
2025-04-04 17:15:25.158  WARN 2467 --- [    Test worker] JpaBaseConfiguration$JpaWebConfiguration : spring.jpa.open-in-view is enabled by default. Therefore, database queries may be performed during view rendering. Explicitly configure spring.jpa.open-in-view to disable this warning
2025-04-04 17:15:25.321  INFO 2467 --- [    Test worker] c.example.demo.data.BaseDeDonneesTests   : Started BaseDeDonneesTests in 0.465 seconds (JVM running for 8.746)
]]></system-out>
  <system-err><![CDATA[]]></system-err>
</testsuite>
