<?xml version="1.0" encoding="UTF-8"?>
<testsuite name="com.example.demo.data.VoitureTest" tests="1" skipped="0" failures="0" errors="0" timestamp="2023-03-14T11:10:50" hostname="MBP-de-Benoit" time="0.004">
  <properties/>
  <testcase name="creerVoiture()" classname="com.example.demo.data.VoitureTest" time="0.004"/>
  <system-out><![CDATA[2023-03-14 12:10:49.355  INFO 2502 --- [    Test worker] .b.t.c.SpringBootTestContextBootstrapper : Neither @ContextConfiguration nor @ContextHierarchy found for test class [com.example.demo.data.VoitureTest], using SpringBootContextLoader
2023-03-14 12:10:49.356  INFO 2502 --- [    Test worker] o.s.t.c.support.AbstractContextLoader    : Could not detect default resource locations for test class [com.example.demo.data.VoitureTest]: no resource found for suffixes {-context.xml, Context.groovy}.
2023-03-14 12:10:49.356  INFO 2502 --- [    Test worker] t.c.s.AnnotationConfigContextLoaderUtils : Could not detect default configuration classes for test class [com.example.demo.data.VoitureTest]: VoitureTest does not declare any static, non-private, non-final, nested classes annotated with @Configuration.
2023-03-14 12:10:49.358  INFO 2502 --- [    Test worker] .b.t.c.SpringBootTestContextBootstrapper : Found @SpringBootConfiguration com.example.demo.DemoApplication for test class com.example.demo.data.VoitureTest
2023-03-14 12:10:49.359  INFO 2502 --- [    Test worker] .b.t.c.SpringBootTestContextBootstrapper : Loaded default TestExecutionListener class names from location [META-INF/spring.factories]: [org.springframework.boot.test.autoconfigure.restdocs.RestDocsTestExecutionListener, org.springframework.boot.test.autoconfigure.web.client.MockRestServiceServerResetTestExecutionListener, org.springframework.boot.test.autoconfigure.web.servlet.MockMvcPrintOnlyOnFailureTestExecutionListener, org.springframework.boot.test.autoconfigure.web.servlet.WebDriverTestExecutionListener, org.springframework.boot.test.autoconfigure.webservices.client.MockWebServiceServerTestExecutionListener, org.springframework.boot.test.mock.mockito.MockitoTestExecutionListener, org.springframework.boot.test.mock.mockito.ResetMocksTestExecutionListener, org.springframework.test.context.web.ServletTestExecutionListener, org.springframework.test.context.support.DirtiesContextBeforeModesTestExecutionListener, org.springframework.test.context.event.ApplicationEventsTestExecutionListener, org.springframework.test.context.support.DependencyInjectionTestExecutionListener, org.springframework.test.context.support.DirtiesContextTestExecutionListener, org.springframework.test.context.transaction.TransactionalTestExecutionListener, org.springframework.test.context.jdbc.SqlScriptsTestExecutionListener, org.springframework.test.context.event.EventPublishingTestExecutionListener]
2023-03-14 12:10:49.360  INFO 2502 --- [    Test worker] .b.t.c.SpringBootTestContextBootstrapper : Using TestExecutionListeners: [org.springframework.test.context.web.ServletTestExecutionListener@1e749235, org.springframework.test.context.support.DirtiesContextBeforeModesTestExecutionListener@870a9f2, org.springframework.test.context.event.ApplicationEventsTestExecutionListener@6c2e7591, org.springframework.boot.test.mock.mockito.MockitoTestExecutionListener@7f2542f, org.springframework.boot.test.autoconfigure.SpringBootDependencyInjectionTestExecutionListener@3dad8bde, org.springframework.test.context.support.DirtiesContextTestExecutionListener@301f9aa0, org.springframework.test.context.transaction.TransactionalTestExecutionListener@2f82e3cf, org.springframework.test.context.jdbc.SqlScriptsTestExecutionListener@3a44993c, org.springframework.test.context.event.EventPublishingTestExecutionListener@6b6606d1, org.springframework.boot.test.autoconfigure.restdocs.RestDocsTestExecutionListener@27605b87, org.springframework.boot.test.autoconfigure.web.client.MockRestServiceServerResetTestExecutionListener@1fc4483f, org.springframework.boot.test.autoconfigure.web.servlet.MockMvcPrintOnlyOnFailureTestExecutionListener@1d7af82, org.springframework.boot.test.autoconfigure.web.servlet.WebDriverTestExecutionListener@5adc71e7, org.springframework.boot.test.autoconfigure.webservices.client.MockWebServiceServerTestExecutionListener@7fc5a558, org.springframework.boot.test.mock.mockito.ResetMocksTestExecutionListener@42fd8f2f]

  .   ____          _            __ _ _
 /\\ / ___'_ __ _ _(_)_ __  __ _ \ \ \ \
( ( )\___ | '_ | '_| | '_ \/ _` | \ \ \ \
 \\/  ___)| |_)| | | | | || (_| |  ) ) ) )
  '  |____| .__|_| |_|_| |_\__, | / / / /
 =========|_|==============|___/=/_/_/_/
 :: Spring Boot ::                (v2.7.5)

2023-03-14 12:10:49.379  INFO 2502 --- [    Test worker] com.example.demo.data.VoitureTest        : Starting VoitureTest using Java 17.0.5 on MBP-de-Benoit with PID 2502 (started by benoitcharroux in /Users/benoitcharroux/Documents/location/essai1)
2023-03-14 12:10:49.379  INFO 2502 --- [    Test worker] com.example.demo.data.VoitureTest        : No active profile set, falling back to 1 default profile: "default"
2023-03-14 12:10:49.497  INFO 2502 --- [    Test worker] .s.d.r.c.RepositoryConfigurationDelegate : Bootstrapping Spring Data JPA repositories in DEFAULT mode.
2023-03-14 12:10:49.506  INFO 2502 --- [    Test worker] .s.d.r.c.RepositoryConfigurationDelegate : Finished Spring Data repository scanning in 8 ms. Found 1 JPA repository interfaces.
2023-03-14 12:10:49.601  INFO 2502 --- [    Test worker] com.zaxxer.hikari.HikariDataSource       : HikariPool-2 - Starting...
2023-03-14 12:10:49.602  INFO 2502 --- [    Test worker] com.zaxxer.hikari.HikariDataSource       : HikariPool-2 - Start completed.
2023-03-14 12:10:49.612  INFO 2502 --- [    Test worker] o.hibernate.jpa.internal.util.LogHelper  : HHH000204: Processing PersistenceUnitInfo [name: default]
2023-03-14 12:10:49.617  INFO 2502 --- [    Test worker] org.hibernate.dialect.Dialect            : HHH000400: Using dialect: org.hibernate.dialect.H2Dialect
2023-03-14 12:10:49.639  INFO 2502 --- [    Test worker] o.h.e.t.j.p.i.JtaPlatformInitiator       : HHH000490: Using JtaPlatform implementation: [org.hibernate.engine.transaction.jta.platform.internal.NoJtaPlatform]
2023-03-14 12:10:49.639  INFO 2502 --- [    Test worker] j.LocalContainerEntityManagerFactoryBean : Initialized JPA EntityManagerFactory for persistence unit 'default'
2023-03-14 12:10:49.882  WARN 2502 --- [    Test worker] JpaBaseConfiguration$JpaWebConfiguration : spring.jpa.open-in-view is enabled by default. Therefore, database queries may be performed during view rendering. Explicitly configure spring.jpa.open-in-view to disable this warning
2023-03-14 12:10:50.073  INFO 2502 --- [    Test worker] com.example.demo.data.VoitureTest        : Started VoitureTest in 0.712 seconds (JVM running for 4.321)
]]></system-out>
  <system-err><![CDATA[]]></system-err>
</testsuite>
