<?xml version="1.0" encoding="UTF-8"?>
<testsuite name="com.example.demo.web.WebTests" tests="3" skipped="0" failures="0" errors="0" timestamp="2023-05-16T08:48:11" hostname="MBP-de-Benoit" time="0.15">
  <properties/>
  <testcase name="ajouterVoiture()" classname="com.example.demo.web.WebTests" time="0.084"/>
  <testcase name="testZeroVoiture()" classname="com.example.demo.web.WebTests" time="0.012"/>
  <testcase name="getStatistiques()" classname="com.example.demo.web.WebTests" time="0.052"/>
  <system-out><![CDATA[2023-05-16 10:48:11.300  INFO 1845 --- [    Test worker] .b.t.c.SpringBootTestContextBootstrapper : Neither @ContextConfiguration nor @ContextHierarchy found for test class [com.example.demo.web.WebTests], using SpringBootContextLoader
2023-05-16 10:48:11.301  INFO 1845 --- [    Test worker] o.s.t.c.support.AbstractContextLoader    : Could not detect default resource locations for test class [com.example.demo.web.WebTests]: no resource found for suffixes {-context.xml, Context.groovy}.
2023-05-16 10:48:11.302  INFO 1845 --- [    Test worker] t.c.s.AnnotationConfigContextLoaderUtils : Could not detect default configuration classes for test class [com.example.demo.web.WebTests]: WebTests does not declare any static, non-private, non-final, nested classes annotated with @Configuration.
2023-05-16 10:48:11.312  INFO 1845 --- [    Test worker] .b.t.c.SpringBootTestContextBootstrapper : Found @SpringBootConfiguration com.example.demo.DemoApplication for test class com.example.demo.web.WebTests
2023-05-16 10:48:11.313  INFO 1845 --- [    Test worker] .b.t.c.SpringBootTestContextBootstrapper : Loaded default TestExecutionListener class names from location [META-INF/spring.factories]: [org.springframework.boot.test.autoconfigure.restdocs.RestDocsTestExecutionListener, org.springframework.boot.test.autoconfigure.web.client.MockRestServiceServerResetTestExecutionListener, org.springframework.boot.test.autoconfigure.web.servlet.MockMvcPrintOnlyOnFailureTestExecutionListener, org.springframework.boot.test.autoconfigure.web.servlet.WebDriverTestExecutionListener, org.springframework.boot.test.autoconfigure.webservices.client.MockWebServiceServerTestExecutionListener, org.springframework.boot.test.mock.mockito.MockitoTestExecutionListener, org.springframework.boot.test.mock.mockito.ResetMocksTestExecutionListener, org.springframework.test.context.web.ServletTestExecutionListener, org.springframework.test.context.support.DirtiesContextBeforeModesTestExecutionListener, org.springframework.test.context.event.ApplicationEventsTestExecutionListener, org.springframework.test.context.support.DependencyInjectionTestExecutionListener, org.springframework.test.context.support.DirtiesContextTestExecutionListener, org.springframework.test.context.transaction.TransactionalTestExecutionListener, org.springframework.test.context.jdbc.SqlScriptsTestExecutionListener, org.springframework.test.context.event.EventPublishingTestExecutionListener]
2023-05-16 10:48:11.314  INFO 1845 --- [    Test worker] .b.t.c.SpringBootTestContextBootstrapper : Using TestExecutionListeners: [org.springframework.test.context.web.ServletTestExecutionListener@1e987f59, org.springframework.test.context.support.DirtiesContextBeforeModesTestExecutionListener@192aeae2, org.springframework.test.context.event.ApplicationEventsTestExecutionListener@4ee1c29a, org.springframework.boot.test.mock.mockito.MockitoTestExecutionListener@28d1b2f, org.springframework.boot.test.autoconfigure.SpringBootDependencyInjectionTestExecutionListener@5f32de90, org.springframework.test.context.support.DirtiesContextTestExecutionListener@1181526e, org.springframework.test.context.transaction.TransactionalTestExecutionListener@5134a7d6, org.springframework.test.context.jdbc.SqlScriptsTestExecutionListener@3b8a8abc, org.springframework.test.context.event.EventPublishingTestExecutionListener@72851503, org.springframework.boot.test.autoconfigure.restdocs.RestDocsTestExecutionListener@690c3b1f, org.springframework.boot.test.autoconfigure.web.client.MockRestServiceServerResetTestExecutionListener@1d722bff, org.springframework.boot.test.autoconfigure.web.servlet.MockMvcPrintOnlyOnFailureTestExecutionListener@72c29d87, org.springframework.boot.test.autoconfigure.web.servlet.WebDriverTestExecutionListener@2835b3d1, org.springframework.boot.test.autoconfigure.webservices.client.MockWebServiceServerTestExecutionListener@20e9b10b, org.springframework.boot.test.mock.mockito.ResetMocksTestExecutionListener@2c485b3a]

  .   ____          _            __ _ _
 /\\ / ___'_ __ _ _(_)_ __  __ _ \ \ \ \
( ( )\___ | '_ | '_| | '_ \/ _` | \ \ \ \
 \\/  ___)| |_)| | | | | || (_| |  ) ) ) )
  '  |____| .__|_| |_|_| |_\__, | / / / /
 =========|_|==============|___/=/_/_/_/
 :: Spring Boot ::                (v2.7.5)

2023-05-16 10:48:11.329  INFO 1845 --- [    Test worker] com.example.demo.web.WebTests            : Starting WebTests using Java 17.0.5 on MBP-de-Benoit with PID 1845 (started by benoitcharroux in /Users/benoitcharroux/Desktop/essai1)
2023-05-16 10:48:11.330  INFO 1845 --- [    Test worker] com.example.demo.web.WebTests            : No active profile set, falling back to 1 default profile: "default"
2023-05-16 10:48:11.427  INFO 1845 --- [    Test worker] .s.d.r.c.RepositoryConfigurationDelegate : Bootstrapping Spring Data JPA repositories in DEFAULT mode.
2023-05-16 10:48:11.435  INFO 1845 --- [    Test worker] .s.d.r.c.RepositoryConfigurationDelegate : Finished Spring Data repository scanning in 7 ms. Found 1 JPA repository interfaces.
2023-05-16 10:48:11.513  INFO 1845 --- [    Test worker] com.zaxxer.hikari.HikariDataSource       : HikariPool-4 - Starting...
2023-05-16 10:48:11.514  INFO 1845 --- [    Test worker] com.zaxxer.hikari.HikariDataSource       : HikariPool-4 - Start completed.
2023-05-16 10:48:11.523  INFO 1845 --- [    Test worker] o.hibernate.jpa.internal.util.LogHelper  : HHH000204: Processing PersistenceUnitInfo [name: default]
2023-05-16 10:48:11.526  INFO 1845 --- [    Test worker] org.hibernate.dialect.Dialect            : HHH000400: Using dialect: org.hibernate.dialect.H2Dialect
2023-05-16 10:48:11.541  INFO 1845 --- [    Test worker] o.h.e.t.j.p.i.JtaPlatformInitiator       : HHH000490: Using JtaPlatform implementation: [org.hibernate.engine.transaction.jta.platform.internal.NoJtaPlatform]
2023-05-16 10:48:11.542  INFO 1845 --- [    Test worker] j.LocalContainerEntityManagerFactoryBean : Initialized JPA EntityManagerFactory for persistence unit 'default'
2023-05-16 10:48:11.606  WARN 1845 --- [    Test worker] JpaBaseConfiguration$JpaWebConfiguration : spring.jpa.open-in-view is enabled by default. Therefore, database queries may be performed during view rendering. Explicitly configure spring.jpa.open-in-view to disable this warning
2023-05-16 10:48:11.806  INFO 1845 --- [    Test worker] o.s.b.t.m.w.SpringBootMockServletContext : Initializing Spring TestDispatcherServlet ''
2023-05-16 10:48:11.806  INFO 1845 --- [    Test worker] o.s.t.web.servlet.TestDispatcherServlet  : Initializing Servlet ''
2023-05-16 10:48:11.807  INFO 1845 --- [    Test worker] o.s.t.web.servlet.TestDispatcherServlet  : Completed initialization in 1 ms
2023-05-16 10:48:11.814  INFO 1845 --- [    Test worker] com.example.demo.web.WebTests            : Started WebTests in 0.498 seconds (JVM running for 5.595)

MockHttpServletRequest:
      HTTP Method = GET
      Request URI = /statistique
       Parameters = {}
          Headers = []
             Body = null
    Session Attrs = {}

Handler:
             Type = com.example.demo.web.StatistiqueController
           Method = com.example.demo.web.StatistiqueController#getStatistiques()

Async:
    Async started = false
     Async result = null

Resolved Exception:
             Type = null

ModelAndView:
        View name = null
             View = null
            Model = null

FlashMap:
       Attributes = null

MockHttpServletResponse:
           Status = 200
    Error message = null
          Headers = [Content-Type:"application/json"]
     Content type = application/json
             Body = {"nombreDeVoitures":1,"prixMoyen":5000}
    Forwarded URL = null
   Redirected URL = null
          Cookies = []
]]></system-out>
  <system-err><![CDATA[]]></system-err>
</testsuite>
