<?xml version="1.0" encoding="UTF-8"?>
<testsuite name="com.example.demo.service.ServiceTests" tests="3" skipped="0" failures="0" errors="0" timestamp="2023-03-14T11:10:50" hostname="MBP-de-Benoit" time="0.013">
  <properties/>
  <testcase name="statistique1Voiture()" classname="com.example.demo.service.ServiceTests" time="0.005"/>
  <testcase name="statistiqueZeroVoiture()" classname="com.example.demo.service.ServiceTests" time="0.002"/>
  <testcase name="statistique2Voiture()" classname="com.example.demo.service.ServiceTests" time="0.003"/>
  <system-out><![CDATA[2023-03-14 12:10:50.081  INFO 2502 --- [    Test worker] .b.t.c.SpringBootTestContextBootstrapper : Neither @ContextConfiguration nor @ContextHierarchy found for test class [com.example.demo.service.ServiceTests], using SpringBootContextLoader
2023-03-14 12:10:50.082  INFO 2502 --- [    Test worker] o.s.t.c.support.AbstractContextLoader    : Could not detect default resource locations for test class [com.example.demo.service.ServiceTests]: no resource found for suffixes {-context.xml, Context.groovy}.
2023-03-14 12:10:50.082  INFO 2502 --- [    Test worker] t.c.s.AnnotationConfigContextLoaderUtils : Could not detect default configuration classes for test class [com.example.demo.service.ServiceTests]: ServiceTests does not declare any static, non-private, non-final, nested classes annotated with @Configuration.
2023-03-14 12:10:50.087  INFO 2502 --- [    Test worker] .b.t.c.SpringBootTestContextBootstrapper : Found @SpringBootConfiguration com.example.demo.DemoApplication for test class com.example.demo.service.ServiceTests
2023-03-14 12:10:50.088  INFO 2502 --- [    Test worker] .b.t.c.SpringBootTestContextBootstrapper : Loaded default TestExecutionListener class names from location [META-INF/spring.factories]: [org.springframework.boot.test.autoconfigure.restdocs.RestDocsTestExecutionListener, org.springframework.boot.test.autoconfigure.web.client.MockRestServiceServerResetTestExecutionListener, org.springframework.boot.test.autoconfigure.web.servlet.MockMvcPrintOnlyOnFailureTestExecutionListener, org.springframework.boot.test.autoconfigure.web.servlet.WebDriverTestExecutionListener, org.springframework.boot.test.autoconfigure.webservices.client.MockWebServiceServerTestExecutionListener, org.springframework.boot.test.mock.mockito.MockitoTestExecutionListener, org.springframework.boot.test.mock.mockito.ResetMocksTestExecutionListener, org.springframework.test.context.web.ServletTestExecutionListener, org.springframework.test.context.support.DirtiesContextBeforeModesTestExecutionListener, org.springframework.test.context.event.ApplicationEventsTestExecutionListener, org.springframework.test.context.support.DependencyInjectionTestExecutionListener, org.springframework.test.context.support.DirtiesContextTestExecutionListener, org.springframework.test.context.transaction.TransactionalTestExecutionListener, org.springframework.test.context.jdbc.SqlScriptsTestExecutionListener, org.springframework.test.context.event.EventPublishingTestExecutionListener]
2023-03-14 12:10:50.088  INFO 2502 --- [    Test worker] .b.t.c.SpringBootTestContextBootstrapper : Using TestExecutionListeners: [org.springframework.test.context.web.ServletTestExecutionListener@31921151, org.springframework.test.context.support.DirtiesContextBeforeModesTestExecutionListener@5749e633, org.springframework.test.context.event.ApplicationEventsTestExecutionListener@35c3d6e8, org.springframework.boot.test.mock.mockito.MockitoTestExecutionListener@6ca97ddf, org.springframework.boot.test.autoconfigure.SpringBootDependencyInjectionTestExecutionListener@4d10f182, org.springframework.test.context.support.DirtiesContextTestExecutionListener@5570ee6d, org.springframework.test.context.transaction.TransactionalTestExecutionListener@7e2f16bd, org.springframework.test.context.jdbc.SqlScriptsTestExecutionListener@594fcb22, org.springframework.test.context.event.EventPublishingTestExecutionListener@1399ad68, org.springframework.boot.test.autoconfigure.restdocs.RestDocsTestExecutionListener@41c83af0, org.springframework.boot.test.autoconfigure.web.client.MockRestServiceServerResetTestExecutionListener@47d4468a, org.springframework.boot.test.autoconfigure.web.servlet.MockMvcPrintOnlyOnFailureTestExecutionListener@60658389, org.springframework.boot.test.autoconfigure.web.servlet.WebDriverTestExecutionListener@3ec98000, org.springframework.boot.test.autoconfigure.webservices.client.MockWebServiceServerTestExecutionListener@3e563293, org.springframework.boot.test.mock.mockito.ResetMocksTestExecutionListener@5b53c3c5]

  .   ____          _            __ _ _
 /\\ / ___'_ __ _ _(_)_ __  __ _ \ \ \ \
( ( )\___ | '_ | '_| | '_ \/ _` | \ \ \ \
 \\/  ___)| |_)| | | | | || (_| |  ) ) ) )
  '  |____| .__|_| |_|_| |_\__, | / / / /
 =========|_|==============|___/=/_/_/_/
 :: Spring Boot ::                (v2.7.5)

2023-03-14 12:10:50.105  INFO 2502 --- [    Test worker] com.example.demo.service.ServiceTests    : Starting ServiceTests using Java 17.0.5 on MBP-de-Benoit with PID 2502 (started by benoitcharroux in /Users/benoitcharroux/Documents/location/essai1)
2023-03-14 12:10:50.106  INFO 2502 --- [    Test worker] com.example.demo.service.ServiceTests    : No active profile set, falling back to 1 default profile: "default"
2023-03-14 12:10:50.196  INFO 2502 --- [    Test worker] .s.d.r.c.RepositoryConfigurationDelegate : Bootstrapping Spring Data JPA repositories in DEFAULT mode.
2023-03-14 12:10:50.204  INFO 2502 --- [    Test worker] .s.d.r.c.RepositoryConfigurationDelegate : Finished Spring Data repository scanning in 7 ms. Found 1 JPA repository interfaces.
2023-03-14 12:10:50.288  INFO 2502 --- [    Test worker] com.zaxxer.hikari.HikariDataSource       : HikariPool-3 - Starting...
2023-03-14 12:10:50.289  INFO 2502 --- [    Test worker] com.zaxxer.hikari.HikariDataSource       : HikariPool-3 - Start completed.
2023-03-14 12:10:50.298  INFO 2502 --- [    Test worker] o.hibernate.jpa.internal.util.LogHelper  : HHH000204: Processing PersistenceUnitInfo [name: default]
2023-03-14 12:10:50.301  INFO 2502 --- [    Test worker] org.hibernate.dialect.Dialect            : HHH000400: Using dialect: org.hibernate.dialect.H2Dialect
2023-03-14 12:10:50.323  INFO 2502 --- [    Test worker] o.h.e.t.j.p.i.JtaPlatformInitiator       : HHH000490: Using JtaPlatform implementation: [org.hibernate.engine.transaction.jta.platform.internal.NoJtaPlatform]
2023-03-14 12:10:50.323  INFO 2502 --- [    Test worker] j.LocalContainerEntityManagerFactoryBean : Initialized JPA EntityManagerFactory for persistence unit 'default'
2023-03-14 12:10:50.388  WARN 2502 --- [    Test worker] JpaBaseConfiguration$JpaWebConfiguration : spring.jpa.open-in-view is enabled by default. Therefore, database queries may be performed during view rendering. Explicitly configure spring.jpa.open-in-view to disable this warning
2023-03-14 12:10:50.593  INFO 2502 --- [    Test worker] com.example.demo.service.ServiceTests    : Started ServiceTests in 0.503 seconds (JVM running for 4.84)
]]></system-out>
  <system-err><![CDATA[]]></system-err>
</testsuite>
