<?xml version="1.0" encoding="UTF-8"?>
<testsuite name="com.example.demo.service.ServiceTests" tests="3" skipped="0" failures="0" errors="0" timestamp="2023-05-15T12:04:02" hostname="MacBook-Pro-de-Benoit.local" time="0.033">
  <properties/>
  <testcase name="statistique1Voiture()" classname="com.example.demo.service.ServiceTests" time="0.025"/>
  <testcase name="statistiqueZeroVoiture()" classname="com.example.demo.service.ServiceTests" time="0.003"/>
  <testcase name="statistique2Voiture()" classname="com.example.demo.service.ServiceTests" time="0.003"/>
  <system-out><![CDATA[14:03:54.833 [Test worker] DEBUG org.springframework.test.context.BootstrapUtils - Instantiating CacheAwareContextLoaderDelegate from class [org.springframework.test.context.cache.DefaultCacheAwareContextLoaderDelegate]
14:03:54.841 [Test worker] DEBUG org.springframework.test.context.BootstrapUtils - Instantiating BootstrapContext using constructor [public org.springframework.test.context.support.DefaultBootstrapContext(java.lang.Class,org.springframework.test.context.CacheAwareContextLoaderDelegate)]
14:03:54.866 [Test worker] DEBUG org.springframework.test.context.BootstrapUtils - Instantiating TestContextBootstrapper for test class [com.example.demo.service.ServiceTests] from class [org.springframework.boot.test.context.SpringBootTestContextBootstrapper]
14:03:54.874 [Test worker] INFO org.springframework.boot.test.context.SpringBootTestContextBootstrapper - Neither @ContextConfiguration nor @ContextHierarchy found for test class [com.example.demo.service.ServiceTests], using SpringBootContextLoader
14:03:54.876 [Test worker] DEBUG org.springframework.test.context.support.AbstractContextLoader - Did not detect default resource location for test class [com.example.demo.service.ServiceTests]: class path resource [com/example/demo/service/ServiceTests-context.xml] does not exist
14:03:54.877 [Test worker] DEBUG org.springframework.test.context.support.AbstractContextLoader - Did not detect default resource location for test class [com.example.demo.service.ServiceTests]: class path resource [com/example/demo/service/ServiceTestsContext.groovy] does not exist
14:03:54.877 [Test worker] INFO org.springframework.test.context.support.AbstractContextLoader - Could not detect default resource locations for test class [com.example.demo.service.ServiceTests]: no resource found for suffixes {-context.xml, Context.groovy}.
14:03:54.878 [Test worker] INFO org.springframework.test.context.support.AnnotationConfigContextLoaderUtils - Could not detect default configuration classes for test class [com.example.demo.service.ServiceTests]: ServiceTests does not declare any static, non-private, non-final, nested classes annotated with @Configuration.
14:03:54.907 [Test worker] DEBUG org.springframework.test.context.support.ActiveProfilesUtils - Could not find an 'annotation declaring class' for annotation type [org.springframework.test.context.ActiveProfiles] and class [com.example.demo.service.ServiceTests]
14:03:54.945 [Test worker] DEBUG org.springframework.context.annotation.ClassPathScanningCandidateComponentProvider - Identified candidate component class: file [/Users/benoitcharroux/Desktop/essai1/build/classes/java/main/com/example/demo/DemoApplication.class]
14:03:54.946 [Test worker] INFO org.springframework.boot.test.context.SpringBootTestContextBootstrapper - Found @SpringBootConfiguration com.example.demo.DemoApplication for test class com.example.demo.service.ServiceTests
14:03:55.004 [Test worker] DEBUG org.springframework.boot.test.context.SpringBootTestContextBootstrapper - @TestExecutionListeners is not present for class [com.example.demo.service.ServiceTests]: using defaults.
14:03:55.004 [Test worker] INFO org.springframework.boot.test.context.SpringBootTestContextBootstrapper - Loaded default TestExecutionListener class names from location [META-INF/spring.factories]: [org.springframework.boot.test.autoconfigure.restdocs.RestDocsTestExecutionListener, org.springframework.boot.test.autoconfigure.web.client.MockRestServiceServerResetTestExecutionListener, org.springframework.boot.test.autoconfigure.web.servlet.MockMvcPrintOnlyOnFailureTestExecutionListener, org.springframework.boot.test.autoconfigure.web.servlet.WebDriverTestExecutionListener, org.springframework.boot.test.autoconfigure.webservices.client.MockWebServiceServerTestExecutionListener, org.springframework.boot.test.mock.mockito.MockitoTestExecutionListener, org.springframework.boot.test.mock.mockito.ResetMocksTestExecutionListener, org.springframework.test.context.web.ServletTestExecutionListener, org.springframework.test.context.support.DirtiesContextBeforeModesTestExecutionListener, org.springframework.test.context.event.ApplicationEventsTestExecutionListener, org.springframework.test.context.support.DependencyInjectionTestExecutionListener, org.springframework.test.context.support.DirtiesContextTestExecutionListener, org.springframework.test.context.transaction.TransactionalTestExecutionListener, org.springframework.test.context.jdbc.SqlScriptsTestExecutionListener, org.springframework.test.context.event.EventPublishingTestExecutionListener]
14:03:55.014 [Test worker] INFO org.springframework.boot.test.context.SpringBootTestContextBootstrapper - Using TestExecutionListeners: [org.springframework.test.context.web.ServletTestExecutionListener@62fe6067, org.springframework.test.context.support.DirtiesContextBeforeModesTestExecutionListener@4f071df8, org.springframework.test.context.event.ApplicationEventsTestExecutionListener@4de41af9, org.springframework.boot.test.mock.mockito.MockitoTestExecutionListener@56ace400, org.springframework.boot.test.autoconfigure.SpringBootDependencyInjectionTestExecutionListener@47404bea, org.springframework.test.context.support.DirtiesContextTestExecutionListener@305f7627, org.springframework.test.context.transaction.TransactionalTestExecutionListener@5d018107, org.springframework.test.context.jdbc.SqlScriptsTestExecutionListener@6cbcf243, org.springframework.test.context.event.EventPublishingTestExecutionListener@29e6eb25, org.springframework.boot.test.autoconfigure.restdocs.RestDocsTestExecutionListener@62435e70, org.springframework.boot.test.autoconfigure.web.client.MockRestServiceServerResetTestExecutionListener@339bf286, org.springframework.boot.test.autoconfigure.web.servlet.MockMvcPrintOnlyOnFailureTestExecutionListener@38be305c, org.springframework.boot.test.autoconfigure.web.servlet.WebDriverTestExecutionListener@269f4bad, org.springframework.boot.test.autoconfigure.webservices.client.MockWebServiceServerTestExecutionListener@5ed731d0, org.springframework.boot.test.mock.mockito.ResetMocksTestExecutionListener@3234f74e]
14:03:55.016 [Test worker] DEBUG org.springframework.test.context.support.AbstractDirtiesContextTestExecutionListener - Before test class: context [DefaultTestContext@72445aba testClass = ServiceTests, testInstance = [null], testMethod = [null], testException = [null], mergedContextConfiguration = [WebMergedContextConfiguration@61bcd567 testClass = ServiceTests, locations = '{}', classes = '{class com.example.demo.DemoApplication}', contextInitializerClasses = '[]', activeProfiles = '{}', propertySourceLocations = '{}', propertySourceProperties = '{org.springframework.boot.test.context.SpringBootTestContextBootstrapper=true}', contextCustomizers = set[org.springframework.boot.test.autoconfigure.actuate.metrics.MetricsExportContextCustomizerFactory$DisableMetricExportContextCustomizer@130e116b, org.springframework.boot.test.autoconfigure.properties.PropertyMappingContextCustomizer@0, org.springframework.boot.test.autoconfigure.web.servlet.WebDriverContextCustomizerFactory$Customizer@30e868be, org.springframework.boot.test.context.filter.ExcludeFilterContextCustomizer@4f0100a7, org.springframework.boot.test.json.DuplicateJsonObjectContextCustomizerFactory$DuplicateJsonObjectContextCustomizer@1e097d59, org.springframework.boot.test.mock.mockito.MockitoContextCustomizer@886d0e89, org.springframework.boot.test.web.client.TestRestTemplateContextCustomizer@5ce8d869, org.springframework.boot.test.context.SpringBootTestArgs@1, org.springframework.boot.test.context.SpringBootTestWebEnvironment@687e99d8], resourceBasePath = 'src/main/webapp', contextLoader = 'org.springframework.boot.test.context.SpringBootContextLoader', parent = [null]], attributes = map['org.springframework.test.context.web.ServletTestExecutionListener.activateListener' -> true]], class annotated with @DirtiesContext [false] with mode [null].

  .   ____          _            __ _ _
 /\\ / ___'_ __ _ _(_)_ __  __ _ \ \ \ \
( ( )\___ | '_ | '_| | '_ \/ _` | \ \ \ \
 \\/  ___)| |_)| | | | | || (_| |  ) ) ) )
  '  |____| .__|_| |_|_| |_\__, | / / / /
 =========|_|==============|___/=/_/_/_/
 :: Spring Boot ::                (v2.7.5)

2023-05-15 14:04:00.242  INFO 4599 --- [    Test worker] com.example.demo.service.ServiceTests    : Starting ServiceTests using Java 17.0.5 on MacBook-Pro-de-Benoit.local with PID 4599 (started by benoitcharroux in /Users/benoitcharroux/Desktop/essai1)
2023-05-15 14:04:00.243  INFO 4599 --- [    Test worker] com.example.demo.service.ServiceTests    : No active profile set, falling back to 1 default profile: "default"
2023-05-15 14:04:00.699  INFO 4599 --- [    Test worker] .s.d.r.c.RepositoryConfigurationDelegate : Bootstrapping Spring Data JPA repositories in DEFAULT mode.
2023-05-15 14:04:00.733  INFO 4599 --- [    Test worker] .s.d.r.c.RepositoryConfigurationDelegate : Finished Spring Data repository scanning in 28 ms. Found 1 JPA repository interfaces.
2023-05-15 14:04:01.357  INFO 4599 --- [    Test worker] com.zaxxer.hikari.HikariDataSource       : HikariPool-1 - Starting...
2023-05-15 14:04:01.496  INFO 4599 --- [    Test worker] com.zaxxer.hikari.HikariDataSource       : HikariPool-1 - Start completed.
2023-05-15 14:04:01.540  INFO 4599 --- [    Test worker] o.hibernate.jpa.internal.util.LogHelper  : HHH000204: Processing PersistenceUnitInfo [name: default]
2023-05-15 14:04:01.573  INFO 4599 --- [    Test worker] org.hibernate.Version                    : HHH000412: Hibernate ORM core version 5.6.12.Final
2023-05-15 14:04:01.601  INFO 4599 --- [    Test worker] o.hibernate.annotations.common.Version   : HCANN000001: Hibernate Commons Annotations {5.1.2.Final}
2023-05-15 14:04:01.675  INFO 4599 --- [    Test worker] org.hibernate.dialect.Dialect            : HHH000400: Using dialect: org.hibernate.dialect.H2Dialect
2023-05-15 14:04:01.933  INFO 4599 --- [    Test worker] o.h.e.t.j.p.i.JtaPlatformInitiator       : HHH000490: Using JtaPlatform implementation: [org.hibernate.engine.transaction.jta.platform.internal.NoJtaPlatform]
2023-05-15 14:04:01.939  INFO 4599 --- [    Test worker] j.LocalContainerEntityManagerFactoryBean : Initialized JPA EntityManagerFactory for persistence unit 'default'
2023-05-15 14:04:02.096  WARN 4599 --- [    Test worker] JpaBaseConfiguration$JpaWebConfiguration : spring.jpa.open-in-view is enabled by default. Therefore, database queries may be performed during view rendering. Explicitly configure spring.jpa.open-in-view to disable this warning
2023-05-15 14:04:02.626  INFO 4599 --- [    Test worker] com.example.demo.service.ServiceTests    : Started ServiceTests in 7.585 seconds (JVM running for 8.387)
]]></system-out>
  <system-err><![CDATA[]]></system-err>
</testsuite>
