<?xml version="1.0" encoding="UTF-8"?>
<testsuite name="com.example.demo.data.BaseDeDonneesTests" tests="3" skipped="0" failures="0" errors="0" timestamp="2023-05-08T16:10:57" hostname="MacBook-Pro-de-Benoit.local" time="0.017">
  <properties/>
  <testcase name="uneVoiture()" classname="com.example.demo.data.BaseDeDonneesTests" time="0.005"/>
  <testcase name="uneSeuleVoiture()" classname="com.example.demo.data.BaseDeDonneesTests" time="0.003"/>
  <testcase name="supprimerVoiture()" classname="com.example.demo.data.BaseDeDonneesTests" time="0.007"/>
  <system-out><![CDATA[2023-05-08 18:10:57.276  INFO 2738 --- [    Test worker] .b.t.c.SpringBootTestContextBootstrapper : Neither @ContextConfiguration nor @ContextHierarchy found for test class [com.example.demo.data.BaseDeDonneesTests], using SpringBootContextLoader
2023-05-08 18:10:57.277  INFO 2738 --- [    Test worker] o.s.t.c.support.AbstractContextLoader    : Could not detect default resource locations for test class [com.example.demo.data.BaseDeDonneesTests]: no resource found for suffixes {-context.xml, Context.groovy}.
2023-05-08 18:10:57.277  INFO 2738 --- [    Test worker] t.c.s.AnnotationConfigContextLoaderUtils : Could not detect default configuration classes for test class [com.example.demo.data.BaseDeDonneesTests]: BaseDeDonneesTests does not declare any static, non-private, non-final, nested classes annotated with @Configuration.
2023-05-08 18:10:57.282  INFO 2738 --- [    Test worker] .b.t.c.SpringBootTestContextBootstrapper : Found @SpringBootConfiguration com.example.demo.DemoApplication for test class com.example.demo.data.BaseDeDonneesTests
2023-05-08 18:10:57.283  INFO 2738 --- [    Test worker] .b.t.c.SpringBootTestContextBootstrapper : Loaded default TestExecutionListener class names from location [META-INF/spring.factories]: [org.springframework.boot.test.autoconfigure.restdocs.RestDocsTestExecutionListener, org.springframework.boot.test.autoconfigure.web.client.MockRestServiceServerResetTestExecutionListener, org.springframework.boot.test.autoconfigure.web.servlet.MockMvcPrintOnlyOnFailureTestExecutionListener, org.springframework.boot.test.autoconfigure.web.servlet.WebDriverTestExecutionListener, org.springframework.boot.test.autoconfigure.webservices.client.MockWebServiceServerTestExecutionListener, org.springframework.boot.test.mock.mockito.MockitoTestExecutionListener, org.springframework.boot.test.mock.mockito.ResetMocksTestExecutionListener, org.springframework.test.context.web.ServletTestExecutionListener, org.springframework.test.context.support.DirtiesContextBeforeModesTestExecutionListener, org.springframework.test.context.event.ApplicationEventsTestExecutionListener, org.springframework.test.context.support.DependencyInjectionTestExecutionListener, org.springframework.test.context.support.DirtiesContextTestExecutionListener, org.springframework.test.context.transaction.TransactionalTestExecutionListener, org.springframework.test.context.jdbc.SqlScriptsTestExecutionListener, org.springframework.test.context.event.EventPublishingTestExecutionListener]
2023-05-08 18:10:57.284  INFO 2738 --- [    Test worker] .b.t.c.SpringBootTestContextBootstrapper : Using TestExecutionListeners: [org.springframework.test.context.web.ServletTestExecutionListener@757f47f0, org.springframework.test.context.support.DirtiesContextBeforeModesTestExecutionListener@7ff7e353, org.springframework.test.context.event.ApplicationEventsTestExecutionListener@70680f88, org.springframework.boot.test.mock.mockito.MockitoTestExecutionListener@7f7f544a, org.springframework.boot.test.autoconfigure.SpringBootDependencyInjectionTestExecutionListener@70b0dc92, org.springframework.test.context.support.DirtiesContextTestExecutionListener@309d54ac, org.springframework.test.context.transaction.TransactionalTestExecutionListener@390978, org.springframework.test.context.jdbc.SqlScriptsTestExecutionListener@561c031, org.springframework.test.context.event.EventPublishingTestExecutionListener@7343d843, org.springframework.boot.test.autoconfigure.restdocs.RestDocsTestExecutionListener@29a1dab3, org.springframework.boot.test.autoconfigure.web.client.MockRestServiceServerResetTestExecutionListener@619b7436, org.springframework.boot.test.autoconfigure.web.servlet.MockMvcPrintOnlyOnFailureTestExecutionListener@6af0407c, org.springframework.boot.test.autoconfigure.web.servlet.WebDriverTestExecutionListener@71c1ca1, org.springframework.boot.test.autoconfigure.webservices.client.MockWebServiceServerTestExecutionListener@20cf3ab3, org.springframework.boot.test.mock.mockito.ResetMocksTestExecutionListener@1acfc058]

  .   ____          _            __ _ _
 /\\ / ___'_ __ _ _(_)_ __  __ _ \ \ \ \
( ( )\___ | '_ | '_| | '_ \/ _` | \ \ \ \
 \\/  ___)| |_)| | | | | || (_| |  ) ) ) )
  '  |____| .__|_| |_|_| |_\__, | / / / /
 =========|_|==============|___/=/_/_/_/
 :: Spring Boot ::                (v2.7.5)

2023-05-08 18:10:57.300  INFO 2738 --- [    Test worker] c.example.demo.data.BaseDeDonneesTests   : Starting BaseDeDonneesTests using Java 17.0.5 on MacBook-Pro-de-Benoit.local with PID 2738 (started by benoitcharroux in /Users/benoitcharroux/Desktop/essai1)
2023-05-08 18:10:57.300  INFO 2738 --- [    Test worker] c.example.demo.data.BaseDeDonneesTests   : No active profile set, falling back to 1 default profile: "default"
2023-05-08 18:10:57.404  INFO 2738 --- [    Test worker] .s.d.r.c.RepositoryConfigurationDelegate : Bootstrapping Spring Data JPA repositories in DEFAULT mode.
2023-05-08 18:10:57.411  INFO 2738 --- [    Test worker] .s.d.r.c.RepositoryConfigurationDelegate : Finished Spring Data repository scanning in 6 ms. Found 1 JPA repository interfaces.
2023-05-08 18:10:57.517  INFO 2738 --- [    Test worker] com.zaxxer.hikari.HikariDataSource       : HikariPool-2 - Starting...
2023-05-08 18:10:57.519  INFO 2738 --- [    Test worker] com.zaxxer.hikari.HikariDataSource       : HikariPool-2 - Start completed.
2023-05-08 18:10:57.528  INFO 2738 --- [    Test worker] o.hibernate.jpa.internal.util.LogHelper  : HHH000204: Processing PersistenceUnitInfo [name: default]
2023-05-08 18:10:57.531  INFO 2738 --- [    Test worker] org.hibernate.dialect.Dialect            : HHH000400: Using dialect: org.hibernate.dialect.H2Dialect
2023-05-08 18:10:57.549  INFO 2738 --- [    Test worker] o.h.e.t.j.p.i.JtaPlatformInitiator       : HHH000490: Using JtaPlatform implementation: [org.hibernate.engine.transaction.jta.platform.internal.NoJtaPlatform]
2023-05-08 18:10:57.550  INFO 2738 --- [    Test worker] j.LocalContainerEntityManagerFactoryBean : Initialized JPA EntityManagerFactory for persistence unit 'default'
2023-05-08 18:10:57.617  WARN 2738 --- [    Test worker] JpaBaseConfiguration$JpaWebConfiguration : spring.jpa.open-in-view is enabled by default. Therefore, database queries may be performed during view rendering. Explicitly configure spring.jpa.open-in-view to disable this warning
2023-05-08 18:10:57.823  INFO 2738 --- [    Test worker] c.example.demo.data.BaseDeDonneesTests   : Started BaseDeDonneesTests in 0.537 seconds (JVM running for 9.26)
]]></system-out>
  <system-err><![CDATA[]]></system-err>
</testsuite>
