<?xml version="1.0" encoding="UTF-8"?>
<testsuite name="com.example.demo.web.WebTests" tests="3" skipped="0" failures="0" errors="0" timestamp="2025-04-04T15:15:26" hostname="MacBook-Pro-de-Benoit.local" time="0.107">
  <properties/>
  <testcase name="ajouterVoiture()" classname="com.example.demo.web.WebTests" time="0.065"/>
  <testcase name="testZeroVoiture()" classname="com.example.demo.web.WebTests" time="0.009"/>
  <testcase name="getStatistiques()" classname="com.example.demo.web.WebTests" time="0.031"/>
  <system-out><![CDATA[2025-04-04 17:15:25.787  INFO 2467 --- [    Test worker] .b.t.c.SpringBootTestContextBootstrapper : Neither @ContextConfiguration nor @ContextHierarchy found for test class [com.example.demo.web.WebTests], using SpringBootContextLoader
2025-04-04 17:15:25.788  INFO 2467 --- [    Test worker] o.s.t.c.support.AbstractContextLoader    : Could not detect default resource locations for test class [com.example.demo.web.WebTests]: no resource found for suffixes {-context.xml, Context.groovy}.
2025-04-04 17:15:25.788  INFO 2467 --- [    Test worker] t.c.s.AnnotationConfigContextLoaderUtils : Could not detect default configuration classes for test class [com.example.demo.web.WebTests]: WebTests does not declare any static, non-private, non-final, nested classes annotated with @Configuration.
2025-04-04 17:15:25.795  INFO 2467 --- [    Test worker] .b.t.c.SpringBootTestContextBootstrapper : Found @SpringBootConfiguration com.example.demo.DemoApplication for test class com.example.demo.web.WebTests
2025-04-04 17:15:25.796  INFO 2467 --- [    Test worker] .b.t.c.SpringBootTestContextBootstrapper : Loaded default TestExecutionListener class names from location [META-INF/spring.factories]: [org.springframework.boot.test.autoconfigure.restdocs.RestDocsTestExecutionListener, org.springframework.boot.test.autoconfigure.web.client.MockRestServiceServerResetTestExecutionListener, org.springframework.boot.test.autoconfigure.web.servlet.MockMvcPrintOnlyOnFailureTestExecutionListener, org.springframework.boot.test.autoconfigure.web.servlet.WebDriverTestExecutionListener, org.springframework.boot.test.autoconfigure.webservices.client.MockWebServiceServerTestExecutionListener, org.springframework.boot.test.mock.mockito.MockitoTestExecutionListener, org.springframework.boot.test.mock.mockito.ResetMocksTestExecutionListener, org.springframework.test.context.web.ServletTestExecutionListener, org.springframework.test.context.support.DirtiesContextBeforeModesTestExecutionListener, org.springframework.test.context.event.ApplicationEventsTestExecutionListener, org.springframework.test.context.support.DependencyInjectionTestExecutionListener, org.springframework.test.context.support.DirtiesContextTestExecutionListener, org.springframework.test.context.transaction.TransactionalTestExecutionListener, org.springframework.test.context.jdbc.SqlScriptsTestExecutionListener, org.springframework.test.context.event.EventPublishingTestExecutionListener]
2025-04-04 17:15:25.797  INFO 2467 --- [    Test worker] .b.t.c.SpringBootTestContextBootstrapper : Using TestExecutionListeners: [org.springframework.test.context.web.ServletTestExecutionListener@6e757f39, org.springframework.test.context.support.DirtiesContextBeforeModesTestExecutionListener@4e312811, org.springframework.test.context.event.ApplicationEventsTestExecutionListener@71f042b1, org.springframework.boot.test.mock.mockito.MockitoTestExecutionListener@77511e9c, org.springframework.boot.test.autoconfigure.SpringBootDependencyInjectionTestExecutionListener@32182bf8, org.springframework.test.context.support.DirtiesContextTestExecutionListener@75aeec0a, org.springframework.test.context.transaction.TransactionalTestExecutionListener@6b8cdc4, org.springframework.test.context.jdbc.SqlScriptsTestExecutionListener@79e28671, org.springframework.test.context.event.EventPublishingTestExecutionListener@ad6255e, org.springframework.boot.test.autoconfigure.restdocs.RestDocsTestExecutionListener@81a56b2, org.springframework.boot.test.autoconfigure.web.client.MockRestServiceServerResetTestExecutionListener@488c6c98, org.springframework.boot.test.autoconfigure.web.servlet.MockMvcPrintOnlyOnFailureTestExecutionListener@2530baf6, org.springframework.boot.test.autoconfigure.web.servlet.WebDriverTestExecutionListener@1e7797db, org.springframework.boot.test.autoconfigure.webservices.client.MockWebServiceServerTestExecutionListener@4402ed61, org.springframework.boot.test.mock.mockito.ResetMocksTestExecutionListener@6fc1a1d5]

  .   ____          _            __ _ _
 /\\ / ___'_ __ _ _(_)_ __  __ _ \ \ \ \
( ( )\___ | '_ | '_| | '_ \/ _` | \ \ \ \
 \\/  ___)| |_)| | | | | || (_| |  ) ) ) )
  '  |____| .__|_| |_|_| |_\__, | / / / /
 =========|_|==============|___/=/_/_/_/
 :: Spring Boot ::                (v2.7.5)

2025-04-04 17:15:25.809  INFO 2467 --- [    Test worker] com.example.demo.web.WebTests            : Starting WebTests using Java 17.0.5 on MacBook-Pro-de-Benoit.local with PID 2467 (started by benoitcharroux in /Users/benoitcharroux/Desktop/essai1)
2025-04-04 17:15:25.809  INFO 2467 --- [    Test worker] com.example.demo.web.WebTests            : No active profile set, falling back to 1 default profile: "default"
2025-04-04 17:15:25.885  INFO 2467 --- [    Test worker] .s.d.r.c.RepositoryConfigurationDelegate : Bootstrapping Spring Data JPA repositories in DEFAULT mode.
2025-04-04 17:15:25.892  INFO 2467 --- [    Test worker] .s.d.r.c.RepositoryConfigurationDelegate : Finished Spring Data repository scanning in 6 ms. Found 1 JPA repository interfaces.
2025-04-04 17:15:25.956  INFO 2467 --- [    Test worker] com.zaxxer.hikari.HikariDataSource       : HikariPool-4 - Starting...
2025-04-04 17:15:25.957  INFO 2467 --- [    Test worker] com.zaxxer.hikari.HikariDataSource       : HikariPool-4 - Start completed.
2025-04-04 17:15:25.965  INFO 2467 --- [    Test worker] o.hibernate.jpa.internal.util.LogHelper  : HHH000204: Processing PersistenceUnitInfo [name: default]
2025-04-04 17:15:25.967  INFO 2467 --- [    Test worker] org.hibernate.dialect.Dialect            : HHH000400: Using dialect: org.hibernate.dialect.H2Dialect
2025-04-04 17:15:25.981  INFO 2467 --- [    Test worker] o.h.e.t.j.p.i.JtaPlatformInitiator       : HHH000490: Using JtaPlatform implementation: [org.hibernate.engine.transaction.jta.platform.internal.NoJtaPlatform]
2025-04-04 17:15:25.981  INFO 2467 --- [    Test worker] j.LocalContainerEntityManagerFactoryBean : Initialized JPA EntityManagerFactory for persistence unit 'default'
2025-04-04 17:15:26.028  WARN 2467 --- [    Test worker] JpaBaseConfiguration$JpaWebConfiguration : spring.jpa.open-in-view is enabled by default. Therefore, database queries may be performed during view rendering. Explicitly configure spring.jpa.open-in-view to disable this warning
2025-04-04 17:15:26.210  INFO 2467 --- [    Test worker] o.s.b.t.m.w.SpringBootMockServletContext : Initializing Spring TestDispatcherServlet ''
2025-04-04 17:15:26.210  INFO 2467 --- [    Test worker] o.s.t.web.servlet.TestDispatcherServlet  : Initializing Servlet ''
2025-04-04 17:15:26.211  INFO 2467 --- [    Test worker] o.s.t.web.servlet.TestDispatcherServlet  : Completed initialization in 1 ms
2025-04-04 17:15:26.216  INFO 2467 --- [    Test worker] com.example.demo.web.WebTests            : Started WebTests in 0.417 seconds (JVM running for 9.641)

MockHttpServletRequest:
      HTTP Method = GET
      Request URI = /statistique
       Parameters = {}
          Headers = []
             Body = null
    Session Attrs = {}

Handler:
             Type = com.example.demo.web.StatistiqueController
           Method = com.example.demo.web.StatistiqueController#getStatistiques()

Async:
    Async started = false
     Async result = null

Resolved Exception:
             Type = null

ModelAndView:
        View name = null
             View = null
            Model = null

FlashMap:
       Attributes = null

MockHttpServletResponse:
           Status = 200
    Error message = null
          Headers = [Content-Type:"application/json"]
     Content type = application/json
             Body = {"nombreDeVoitures":1,"prixMoyen":5000}
    Forwarded URL = null
   Redirected URL = null
          Cookies = []
]]></system-out>
  <system-err><![CDATA[]]></system-err>
</testsuite>
