<?xml version="1.0" encoding="UTF-8"?>
<testsuite name="com.example.demo.data.VoitureTest" tests="1" skipped="0" failures="0" errors="0" timestamp="2023-05-15T12:04:03" hostname="MacBook-Pro-de-Benoit.local" time="0.002">
  <properties/>
  <testcase name="creerVoiture()" classname="com.example.demo.data.VoitureTest" time="0.002"/>
  <system-out><![CDATA[2023-05-15 14:04:03.175  INFO 4599 --- [    Test worker] .b.t.c.SpringBootTestContextBootstrapper : Neither @ContextConfiguration nor @ContextHierarchy found for test class [com.example.demo.data.VoitureTest], using SpringBootContextLoader
2023-05-15 14:04:03.176  INFO 4599 --- [    Test worker] o.s.t.c.support.AbstractContextLoader    : Could not detect default resource locations for test class [com.example.demo.data.VoitureTest]: no resource found for suffixes {-context.xml, Context.groovy}.
2023-05-15 14:04:03.176  INFO 4599 --- [    Test worker] t.c.s.AnnotationConfigContextLoaderUtils : Could not detect default configuration classes for test class [com.example.demo.data.VoitureTest]: VoitureTest does not declare any static, non-private, non-final, nested classes annotated with @Configuration.
2023-05-15 14:04:03.177  INFO 4599 --- [    Test worker] .b.t.c.SpringBootTestContextBootstrapper : Found @SpringBootConfiguration com.example.demo.DemoApplication for test class com.example.demo.data.VoitureTest
2023-05-15 14:04:03.178  INFO 4599 --- [    Test worker] .b.t.c.SpringBootTestContextBootstrapper : Loaded default TestExecutionListener class names from location [META-INF/spring.factories]: [org.springframework.boot.test.autoconfigure.restdocs.RestDocsTestExecutionListener, org.springframework.boot.test.autoconfigure.web.client.MockRestServiceServerResetTestExecutionListener, org.springframework.boot.test.autoconfigure.web.servlet.MockMvcPrintOnlyOnFailureTestExecutionListener, org.springframework.boot.test.autoconfigure.web.servlet.WebDriverTestExecutionListener, org.springframework.boot.test.autoconfigure.webservices.client.MockWebServiceServerTestExecutionListener, org.springframework.boot.test.mock.mockito.MockitoTestExecutionListener, org.springframework.boot.test.mock.mockito.ResetMocksTestExecutionListener, org.springframework.test.context.web.ServletTestExecutionListener, org.springframework.test.context.support.DirtiesContextBeforeModesTestExecutionListener, org.springframework.test.context.event.ApplicationEventsTestExecutionListener, org.springframework.test.context.support.DependencyInjectionTestExecutionListener, org.springframework.test.context.support.DirtiesContextTestExecutionListener, org.springframework.test.context.transaction.TransactionalTestExecutionListener, org.springframework.test.context.jdbc.SqlScriptsTestExecutionListener, org.springframework.test.context.event.EventPublishingTestExecutionListener]
2023-05-15 14:04:03.178  INFO 4599 --- [    Test worker] .b.t.c.SpringBootTestContextBootstrapper : Using TestExecutionListeners: [org.springframework.test.context.web.ServletTestExecutionListener@39921410, org.springframework.test.context.support.DirtiesContextBeforeModesTestExecutionListener@71e55e48, org.springframework.test.context.event.ApplicationEventsTestExecutionListener@36696821, org.springframework.boot.test.mock.mockito.MockitoTestExecutionListener@5f01361e, org.springframework.boot.test.autoconfigure.SpringBootDependencyInjectionTestExecutionListener@769a9b7a, org.springframework.test.context.support.DirtiesContextTestExecutionListener@2d568cff, org.springframework.test.context.transaction.TransactionalTestExecutionListener@5003c114, org.springframework.test.context.jdbc.SqlScriptsTestExecutionListener@6e4bccc, org.springframework.test.context.event.EventPublishingTestExecutionListener@2487b621, org.springframework.boot.test.autoconfigure.restdocs.RestDocsTestExecutionListener@3d2ff73a, org.springframework.boot.test.autoconfigure.web.client.MockRestServiceServerResetTestExecutionListener@736a8aea, org.springframework.boot.test.autoconfigure.web.servlet.MockMvcPrintOnlyOnFailureTestExecutionListener@504b4a97, org.springframework.boot.test.autoconfigure.web.servlet.WebDriverTestExecutionListener@4964d801, org.springframework.boot.test.autoconfigure.webservices.client.MockWebServiceServerTestExecutionListener@b307030, org.springframework.boot.test.mock.mockito.ResetMocksTestExecutionListener@2caa9666]

  .   ____          _            __ _ _
 /\\ / ___'_ __ _ _(_)_ __  __ _ \ \ \ \
( ( )\___ | '_ | '_| | '_ \/ _` | \ \ \ \
 \\/  ___)| |_)| | | | | || (_| |  ) ) ) )
  '  |____| .__|_| |_|_| |_\__, | / / / /
 =========|_|==============|___/=/_/_/_/
 :: Spring Boot ::                (v2.7.5)

2023-05-15 14:04:03.191  INFO 4599 --- [    Test worker] com.example.demo.data.VoitureTest        : Starting VoitureTest using Java 17.0.5 on MacBook-Pro-de-Benoit.local with PID 4599 (started by benoitcharroux in /Users/benoitcharroux/Desktop/essai1)
2023-05-15 14:04:03.191  INFO 4599 --- [    Test worker] com.example.demo.data.VoitureTest        : No active profile set, falling back to 1 default profile: "default"
2023-05-15 14:04:03.279  INFO 4599 --- [    Test worker] .s.d.r.c.RepositoryConfigurationDelegate : Bootstrapping Spring Data JPA repositories in DEFAULT mode.
2023-05-15 14:04:03.286  INFO 4599 --- [    Test worker] .s.d.r.c.RepositoryConfigurationDelegate : Finished Spring Data repository scanning in 6 ms. Found 1 JPA repository interfaces.
2023-05-15 14:04:03.356  INFO 4599 --- [    Test worker] com.zaxxer.hikari.HikariDataSource       : HikariPool-3 - Starting...
2023-05-15 14:04:03.357  INFO 4599 --- [    Test worker] com.zaxxer.hikari.HikariDataSource       : HikariPool-3 - Start completed.
2023-05-15 14:04:03.365  INFO 4599 --- [    Test worker] o.hibernate.jpa.internal.util.LogHelper  : HHH000204: Processing PersistenceUnitInfo [name: default]
2023-05-15 14:04:03.367  INFO 4599 --- [    Test worker] org.hibernate.dialect.Dialect            : HHH000400: Using dialect: org.hibernate.dialect.H2Dialect
2023-05-15 14:04:03.382  INFO 4599 --- [    Test worker] o.h.e.t.j.p.i.JtaPlatformInitiator       : HHH000490: Using JtaPlatform implementation: [org.hibernate.engine.transaction.jta.platform.internal.NoJtaPlatform]
2023-05-15 14:04:03.382  INFO 4599 --- [    Test worker] j.LocalContainerEntityManagerFactoryBean : Initialized JPA EntityManagerFactory for persistence unit 'default'
2023-05-15 14:04:03.459  WARN 4599 --- [    Test worker] JpaBaseConfiguration$JpaWebConfiguration : spring.jpa.open-in-view is enabled by default. Therefore, database queries may be performed during view rendering. Explicitly configure spring.jpa.open-in-view to disable this warning
2023-05-15 14:04:03.610  INFO 4599 --- [    Test worker] com.example.demo.data.VoitureTest        : Started VoitureTest in 0.43 seconds (JVM running for 9.371)
]]></system-out>
  <system-err><![CDATA[]]></system-err>
</testsuite>
